c:\users\16062\source\repos\data\data\x64\debug\vc143.pdb
c:\users\16062\source\repos\data\data\x64\debug\vc143.idb
c:\users\16062\source\repos\data\data\x64\debug\function1.obj
c:\users\16062\source\repos\data\data\x64\debug\newsystem.obj
c:\users\16062\source\repos\data\data\x64\debug\control.obj
c:\users\16062\source\repos\data\data\x64\debug\main.obj
c:\users\16062\source\repos\data\data\x64\debug\login.obj
c:\users\16062\source\repos\data\data\x64\debug\function3.obj
c:\users\16062\source\repos\data\data\x64\debug\function2.obj
c:\users\16062\source\repos\data\data\x64\debug\dijkstra.obj
c:\users\16062\source\repos\data\data\x64\debug\map.obj
c:\users\16062\source\repos\data\data\x64\debug\var.obj
c:\users\16062\source\repos\data\data\x64\debug\delete.obj
c:\users\16062\source\repos\data\data\x64\debug\myclass.obj
c:\users\16062\source\repos\data\data\x64\debug\myclas.obj
c:\users\16062\source\repos\data\data\x64\debug\newhuffmancodinganddecodin.obj
c:\users\16062\source\repos\data\data\x64\debug\daohang.obj
c:\users\16062\source\repos\data\data\x64\debug\classfind.obj
c:\users\16062\source\repos\data\data\x64\debug\act.obj
c:\users\16062\source\repos\data\data\x64\debug\homework.obj
c:\users\16062\source\repos\data\data\x64\debug\activity.obj
c:\users\16062\source\repos\data\data\x64\debug\guide.obj
c:\users\16062\source\repos\data\data\x64\debug\user.obj
c:\users\16062\source\repos\data\data\x64\debug\search and change act and notice.obj
c:\users\16062\source\repos\data\data\x64\debug\start class.obj
c:\users\16062\source\repos\data\data\x64\debug\start act.obj
c:\users\16062\source\repos\data\data\x64\debug\act and guide.obj
c:\users\16062\source\repos\data\data\x64\debug\start .obj
c:\users\16062\source\repos\data\data\x64\debug\manger.obj
c:\users\16062\source\repos\data\data\x64\debug\main and time.obj
c:\users\16062\source\repos\data\data\x64\debug\act and clock.obj
c:\users\16062\source\repos\data\data\x64\debug\dailyrecord.obj
c:\users\16062\source\repos\data\data\x64\debug\kmp.obj
c:\users\16062\source\repos\data\x64\debug\data.exe
c:\users\16062\source\repos\data\data\x64\debug\data.ilk
c:\users\16062\source\repos\data\x64\debug\data.pdb
c:\users\16062\source\repos\data\data\x64\debug\classarrage.obj
c:\users\16062\source\repos\data\data\x64\debug\system.obj
c:\users\16062\source\repos\data\data\x64\debug\源.obj
c:\users\16062\source\repos\data\data\x64\debug\dijkstra.obj.enc
c:\users\16062\source\repos\data\data\x64\debug\function1.obj.enc
c:\users\16062\source\repos\data\data\x64\debug\function3.obj.enc
c:\users\16062\source\repos\data\data\x64\debug\guide.obj.enc
c:\users\16062\source\repos\data\data\x64\debug\homework.obj.enc
c:\users\16062\source\repos\data\data\x64\debug\newhuffmancodinganddecodin.obj.enc
c:\users\16062\source\repos\data\data\x64\debug\newsystem.obj.enc
c:\users\16062\source\repos\data\data\x64\debug\data.tlog\cl.command.1.tlog
c:\users\16062\source\repos\data\data\x64\debug\data.tlog\cl.read.1.tlog
c:\users\16062\source\repos\data\data\x64\debug\data.tlog\cl.write.1.tlog
c:\users\16062\source\repos\data\data\x64\debug\data.tlog\link.command.1.tlog
c:\users\16062\source\repos\data\data\x64\debug\data.tlog\link.read.1.tlog
c:\users\16062\source\repos\data\data\x64\debug\data.tlog\link.write.1.tlog
